#-----------------------------------------------------------
# Vivado v2018.2 (64-bit)
# SW Build 2258646 on Thu Jun 14 20:03:12 MDT 2018
# IP Build 2256618 on Thu Jun 14 22:10:49 MDT 2018
# Start of session at: Wed Mar 17 10:46:42 2021
# Process ID: 21924
# Current directory: C:/Users/cdwil/Desktop/ECE281/ece281_colton_willits/ICE4
# Command line: vivado.exe -gui_launcher_event rodinguilauncherevent9704 C:\Users\cdwil\Desktop\ECE281\ece281_colton_willits\ICE4\ICE4.xpr
# Log file: C:/Users/cdwil/Desktop/ECE281/ece281_colton_willits/ICE4/vivado.log
# Journal file: C:/Users/cdwil/Desktop/ECE281/ece281_colton_willits/ICE4\vivado.jou
#-----------------------------------------------------------
start_gui
open_project C:/Users/cdwil/Desktop/ECE281/ece281_colton_willits/ICE4/ICE4.xpr
INFO: [Project 1-313] Project file moved from 'C:/Users/C23Colton.Willits/Desktop/ECE281/ece281_colton_willits/ICE4' since last save.
Scanning sources...
FFinished scanning sourcesIINFO: [IP_Flow 19-234] Refreshing IP repositories
INFO: [IP_Flow 19-1704] No user IP repositories specifiedIINFO: [IP_Flow 19-2313] Loaded Vivado IP repository 'D:/Vivado/2018.2/data/ip'.open_project: Time (s): cpu = 00:00:19 ; elapsed = 00:00:16 . Memory (MB): peak = 749.699 ; gain = 94.059
uupdate_compile_order -fileset sources_1ereset_run synth_1
launch_runs synth_1 -jobs 6
[Wed Mar 17 10:48:28 2021] Launched synth_1...
Run output will be captured here: C:/Users/cdwil/Desktop/ECE281/ece281_colton_willits/ICE4/ICE4.runs/synth_1/runme.log
launch_runs impl_1 -jobs 6
[Wed Mar 17 19:16:14 2021] Launched impl_1...
Run output will be captured here: C:/Users/cdwil/Desktop/ECE281/ece281_colton_willits/ICE4/ICE4.runs/impl_1/runme.log
open_run impl_1
INFO: [Netlist 29-17] Analyzing 12 Unisim elements for replacement
INFO: [Netlist 29-28] Unisim Transformation completed in 0 CPU seconds
INFO: [Project 1-479] Netlist was created with Vivado 2018.2
INFO: [Device 21-403] Loading part xc7a35tcpg236-1
INFO: [Project 1-570] Preparing netlist for logic optimization
INFO: [Timing 38-478] Restoring timing data from binary archive.
INFO: [Timing 38-479] Binary timing data restore complete.
INFO: [Project 1-856] Restoring constraints from binary archive.
INFO: [Project 1-853] Binary constraint restore complete.
Reading XDEF placement.
Reading placer database...
Reading XDEF routing.
Read XDEF File: Time (s): cpu = 00:00:00 ; elapsed = 00:00:00.066 . Memory (MB): peak = 1589.023 ; gain = 0.000
Restored from archive | CPU: 0.000000 secs | Memory: 0.000000 MB |
Finished XDEF File Restore: Time (s): cpu = 00:00:00 ; elapsed = 00:00:00.066 . Memory (MB): peak = 1589.023 ; gain = 0.000
INFO: [Project 1-111] Unisim Transformation Summary:
No Unisim elements were transformed.

open_run: Time (s): cpu = 00:00:23 ; elapsed = 00:00:25 . Memory (MB): peak = 1672.066 ; gain = 885.930
set_property top stoplight_fsm [current_fileset]
update_compile_order -fileset sources_1
launch_simulation
INFO: [Vivado 12-5682] Launching behavioral simulation in 'C:/Users/cdwil/Desktop/ECE281/ece281_colton_willits/ICE4/ICE4.sim/sim_1/behav/xsim'
INFO: [SIM-utils-51] Simulation object is 'sim_1'
INFO: [SIM-utils-54] Inspecting design source files for 'stoplight_fsm_tb' in fileset 'sim_1'...
INFO: [USF-XSim-97] Finding global include files...
INFO: [USF-XSim-98] Fetching design files from 'sim_1'...
INFO: [USF-XSim-2] XSim::Compile design
INFO: [USF-XSim-61] Executing 'COMPILE and ANALYZE' step in 'C:/Users/cdwil/Desktop/ECE281/ece281_colton_willits/ICE4/ICE4.sim/sim_1/behav/xsim'
"xvhdl --incr --relax -prj stoplight_fsm_tb_vhdl.prj"
INFO: [VRFC 10-163] Analyzing VHDL file "C:/Users/cdwil/Desktop/ECE281/ece281_colton_willits/ICE4/code/stoplight_fsm.vhd" into library xil_defaultlib
INFO: [VRFC 10-307] analyzing entity stoplight_fsm
INFO: [VRFC 10-163] Analyzing VHDL file "C:/Users/cdwil/Desktop/ECE281/ece281_colton_willits/ICE4/code/stoplight_fsm_tb.vhd" into library xil_defaultlib
INFO: [VRFC 10-307] analyzing entity stoplight_fsm_tb
run_program: Time (s): cpu = 00:00:01 ; elapsed = 00:00:09 . Memory (MB): peak = 1804.273 ; gain = 0.000
INFO: [USF-XSim-69] 'compile' step finished in '9' seconds
INFO: [USF-XSim-3] XSim::Elaborate design
INFO: [USF-XSim-61] Executing 'ELABORATE' step in 'C:/Users/cdwil/Desktop/ECE281/ece281_colton_willits/ICE4/ICE4.sim/sim_1/behav/xsim'
Vivado Simulator 2018.2
Copyright 1986-1999, 2001-2018 Xilinx, Inc. All Rights Reserved.
Running: D:/Vivado/2018.2/bin/unwrapped/win64.o/xelab.exe -wto da0786ef3b4a4d4bae9237f0b413b002 --incr --debug typical --relax --mt 2 -L xil_defaultlib -L secureip --snapshot stoplight_fsm_tb_behav xil_defaultlib.stoplight_fsm_tb -log elaborate.log 
Using 2 slave threads.
Starting static elaboration
Completed static elaboration
Starting simulation data flow analysis
Completed simulation data flow analysis
Time Resolution for simulation is 1ps
Compiling package std.standard
Compiling package std.textio
Compiling package ieee.std_logic_1164
Compiling package ieee.numeric_std
Compiling architecture stoplight_fsm_arch of entity xil_defaultlib.stoplight_fsm [stoplight_fsm_default]
Compiling architecture behavior of entity xil_defaultlib.stoplight_fsm_tb
Built simulation snapshot stoplight_fsm_tb_behav

****** Webtalk v2018.2 (64-bit)
  **** SW Build 2258646 on Thu Jun 14 20:03:12 MDT 2018
  **** IP Build 2256618 on Thu Jun 14 22:10:49 MDT 2018
    ** Copyright 1986-2018 Xilinx, Inc. All Rights Reserved.

source C:/Users/cdwil/Desktop/ECE281/ece281_colton_willits/ICE4/ICE4.sim/sim_1/behav/xsim/xsim.dir/stoplight_fsm_tb_behav/webtalk/xsim_webtalk.tcl -notrace
INFO: [Common 17-206] Exiting Webtalk at Wed Mar 17 22:50:31 2021...
run_program: Time (s): cpu = 00:00:01 ; elapsed = 00:00:25 . Memory (MB): peak = 1804.652 ; gain = 0.066
INFO: [USF-XSim-69] 'elaborate' step finished in '25' seconds
INFO: [USF-XSim-4] XSim::Simulate design
INFO: [USF-XSim-61] Executing 'SIMULATE' step in 'C:/Users/cdwil/Desktop/ECE281/ece281_colton_willits/ICE4/ICE4.sim/sim_1/behav/xsim'
INFO: [USF-XSim-98] *** Running xsim
   with args "stoplight_fsm_tb_behav -key {Behavioral:sim_1:Functional:stoplight_fsm_tb} -tclbatch {stoplight_fsm_tb.tcl} -view {C:/Users/cdwil/Desktop/ECE281/ece281_colton_willits/ICE4/stoplight_fsm_tb_behav.wcfg} -log {simulate.log}"
INFO: [USF-XSim-8] Loading simulator feature
